Build started 1.12.2017 06:21:37.
     1>Project "C:\Users\Dell\Documents\Visual Studio 2010\Projects\İlkAllegroProjesi\İlkAllegroProjesi\İlkAllegroProjesi.vcxproj" on node 2 (build target(s)).
     1>InitializeBuildStatus:
         Creating "Debug\İlkAllegroProjesi.unsuccessfulbuild" because "AlwaysCreate" was specified.
       ClCompile:
         C:\Program Files (x86)\Microsoft Visual Studio 10.0\VC\bin\CL.exe /c /ZI /nologo /W3 /WX- /Od /Oy- /D "_UNICODE" /D "UNICODE" /Gm /EHsc /RTC1 /MDd /GS /fp:precise /Zc:wchar_t /Zc:forScope /Fo"Debug\\" /Fd"Debug\vc100.pdb" /Gd /TP /analyze- /errorReport:prompt main.cpp
         main.cpp
     1>c:\users\dell\documents\visual studio 2010\projects\İlkallegroprojesi\İlkallegroprojesi\main.cpp(28): warning C4101: 'tasiyici' : unreferenced local variable
       Link:
         C:\Program Files (x86)\Microsoft Visual Studio 10.0\VC\bin\link.exe /ERRORREPORT:PROMPT /OUT:"C:\Users\Dell\Documents\Visual Studio 2010\Projects\İlkAllegroProjesi\Debug\İlkAllegroProjesi.exe" /NOLOGO alleg.lib kernel32.lib user32.lib gdi32.lib winspool.lib comdlg32.lib advapi32.lib shell32.lib ole32.lib oleaut32.lib uuid.lib odbc32.lib odbccp32.lib /MANIFEST /ManifestFile:"Debug\İlkAllegroProjesi.exe.intermediate.manifest" /MANIFESTUAC:"level='asInvoker' uiAccess='false'" /DEBUG /PDB:"C:\Users\Dell\Documents\Visual Studio 2010\Projects\İlkAllegroProjesi\Debug\İlkAllegroProjesi.pdb" /TLBID:1 /DYNAMICBASE /NXCOMPAT /IMPLIB:"C:\Users\Dell\Documents\Visual Studio 2010\Projects\İlkAllegroProjesi\Debug\İlkAllegroProjesi.lib" /MACHINE:X86 Debug\main.obj
         LINK : C:\Users\Dell\Documents\Visual Studio 2010\Projects\İlkAllegroProjesi\Debug\İlkAllegroProjesi.exe not found or not built by the last incremental link; performing full link
         İlkAllegroProjesi.vcxproj -> C:\Users\Dell\Documents\Visual Studio 2010\Projects\İlkAllegroProjesi\Debug\İlkAllegroProjesi.exe
       Manifest:
         C:\Program Files (x86)\Microsoft SDKs\Windows\v7.0A\bin\mt.exe /nologo /verbose /outputresource:"C:\Users\Dell\Documents\Visual Studio 2010\Projects\İlkAllegroProjesi\Debug\İlkAllegroProjesi.exe;#1" /manifest Debug\İlkAllegroProjesi.exe.intermediate.manifest
       FinalizeBuildStatus:
         Deleting file "Debug\İlkAllegroProjesi.unsuccessfulbuild".
         Touching "Debug\İlkAllegroProjesi.lastbuildstate".
     1>Done Building Project "C:\Users\Dell\Documents\Visual Studio 2010\Projects\İlkAllegroProjesi\İlkAllegroProjesi\İlkAllegroProjesi.vcxproj" (build target(s)).

Build succeeded.

Time Elapsed 00:00:01.46
